<?xml version="1.0" encoding="utf-8"?><testsuites name="pytest tests"><testsuite name="pytest" errors="0" failures="0" skipped="0" tests="17" time="2.949" timestamp="2026-08-17T15:52:56.322643+00:00" hostname="agent-env-c8c8bd02-734f-43a6-a277-4b4023f4b1df"><testcase classname="tests.test_gbp_scope_fix.TestGbpStatus" name="test_status_exposes_new_fields" time="1.023" /><testcase classname="tests.test_gbp_scope_fix.TestGbpLogin" name="test_login_returns_valid_authorization_url" time="0.219" /><testcase classname="tests.test_gbp_scope_fix.TestGbpLogin" name="test_login_requires_auth" time="0.249" /><testcase classname="tests.test_gbp_scope_fix.TestGbpCallbackStaticReview" name="test_scope_check_rejects_missing_business_manage" time="0.000" /><testcase classname="tests.test_gbp_scope_fix.TestGbpCallbackStaticReview" name="test_accounts_list_check_stored" time="0.000" /><testcase classname="tests.test_gbp_scope_fix.TestGbpCallbackStaticReview" name="test_redirect_flags_status" time="0.000" /><testcase classname="tests.test_gbp_scope_fix.TestGbpCallbackStaticReview" name="test_no_plain_token_logged" time="0.000" /><testcase classname="tests.test_gbp_scope_fix.TestGbpListLocationsStaticReview" name="test_scope_insufficient_branch" time="0.000" /><testcase classname="tests.test_gbp_scope_fix.TestGbpListLocationsStaticReview" name="test_other_403_branch_mentions_quota" time="0.000" /><testcase classname="tests.test_gbp_scope_fix.TestGbpListLocationsStaticReview" name="test_non_200_maps_to_502" time="0.000" /><testcase classname="tests.test_gbp_scope_fix" name="test_gbp_list_locations_scope_insufficient_raises_reconnect" time="0.196" /><testcase classname="tests.test_gbp_scope_fix" name="test_gbp_list_locations_403_other_reason_raises_quota_message" time="0.001" /><testcase classname="tests.test_gbp_scope_fix" name="test_gbp_list_locations_success_returns_list" time="0.001" /><testcase classname="tests.test_gbp_scope_fix.TestGbpDisconnect" name="test_disconnect_then_status_shows_disconnected" time="0.513" /><testcase classname="tests.test_gbp_scope_fix.TestRegression" name="test_meta_status" time="0.224" /><testcase classname="tests.test_gbp_scope_fix.TestRegression" name="test_linkedin_status_optional" time="0.167" /><testcase classname="tests.test_gbp_scope_fix.TestRegression" name="test_drafts_list" time="0.219" /></testsuite></testsuites>